<?xml version="1.0" encoding="UTF-8"?>
<!-- Generated by org.testng.reporters.JUnitXMLReporter -->
<testsuite hostname="JoKeR-ПК" name="Surefire test" tests="3" failures="0" timestamp="28 Dec 2016 11:09:18 GMT" time="12.314" errors="0">
  <testcase name="testAddStudent" time="0.164" classname="hello.controller.TestStudentMapper"/>
  <testcase name="testDeleteStudent" time="0.053" classname="hello.controller.TestStudentMapper"/>
  <testcase name="testStudentsList" time="0.001" classname="hello.controller.TestStudentMapper"/>
</testsuite> <!-- Surefire test -->
