<?xml version="1.0" encoding="UTF-8"?>
<testng-results skipped="0" failed="0" total="3" passed="3">
  <reporter-output>
  </reporter-output>
  <suite name="Surefire suite" duration-ms="12314" started-at="2016-12-28T11:09:06Z" finished-at="2016-12-28T11:09:18Z">
    <groups>
    </groups>
    <test name="Surefire test" duration-ms="12314" started-at="2016-12-28T11:09:06Z" finished-at="2016-12-28T11:09:18Z">
      <class name="hello.controller.TestStudentMapper">
        <test-method status="PASS" signature="springTestContextBeforeTestClass()[pri:0, instance:hello.controller.TestStudentMapper@19ad2e3]" name="springTestContextBeforeTestClass" is-config="true" duration-ms="29" started-at="2016-12-28T17:09:06Z" finished-at="2016-12-28T17:09:06Z">
          <reporter-output>
          </reporter-output>
        </test-method> <!-- springTestContextBeforeTestClass -->
        <test-method status="PASS" signature="springTestContextPrepareTestInstance()[pri:0, instance:hello.controller.TestStudentMapper@19ad2e3]" name="springTestContextPrepareTestInstance" is-config="true" duration-ms="11953" started-at="2016-12-28T17:09:06Z" depends-on-methods="org.springframework.test.context.testng.AbstractTestNGSpringContextTests.springTestContextBeforeTestClass" finished-at="2016-12-28T17:09:18Z">
          <reporter-output>
          </reporter-output>
        </test-method> <!-- springTestContextPrepareTestInstance -->
        <test-method status="PASS" signature="springTestContextBeforeTestMethod(java.lang.reflect.Method)[pri:0, instance:hello.controller.TestStudentMapper@19ad2e3]" name="springTestContextBeforeTestMethod" is-config="true" duration-ms="2" started-at="2016-12-28T17:09:18Z" finished-at="2016-12-28T17:09:18Z">
          <params>
            <param index="0">
              <value>
                <![CDATA[public void hello.controller.TestStudentMapper.testAddStudent()]]>
              </value>
            </param>
          </params>
          <reporter-output>
          </reporter-output>
        </test-method> <!-- springTestContextBeforeTestMethod -->
        <test-method status="PASS" signature="testAddStudent()[pri:0, instance:hello.controller.TestStudentMapper@19ad2e3]" name="testAddStudent" duration-ms="164" started-at="2016-12-28T17:09:18Z" finished-at="2016-12-28T17:09:18Z">
          <reporter-output>
          </reporter-output>
        </test-method> <!-- testAddStudent -->
        <test-method status="PASS" signature="springTestContextAfterTestMethod(java.lang.reflect.Method)[pri:0, instance:hello.controller.TestStudentMapper@19ad2e3]" name="springTestContextAfterTestMethod" is-config="true" duration-ms="0" started-at="2016-12-28T17:09:18Z" finished-at="2016-12-28T17:09:18Z">
          <params>
            <param index="0">
              <value>
                <![CDATA[public void hello.controller.TestStudentMapper.testAddStudent()]]>
              </value>
            </param>
          </params>
          <reporter-output>
          </reporter-output>
        </test-method> <!-- springTestContextAfterTestMethod -->
        <test-method status="PASS" signature="springTestContextBeforeTestMethod(java.lang.reflect.Method)[pri:0, instance:hello.controller.TestStudentMapper@19ad2e3]" name="springTestContextBeforeTestMethod" is-config="true" duration-ms="1" started-at="2016-12-28T17:09:18Z" finished-at="2016-12-28T17:09:18Z">
          <params>
            <param index="0">
              <value>
                <![CDATA[public void hello.controller.TestStudentMapper.testDeleteStudent()]]>
              </value>
            </param>
          </params>
          <reporter-output>
          </reporter-output>
        </test-method> <!-- springTestContextBeforeTestMethod -->
        <test-method status="PASS" signature="testDeleteStudent()[pri:0, instance:hello.controller.TestStudentMapper@19ad2e3]" name="testDeleteStudent" duration-ms="53" started-at="2016-12-28T17:09:18Z" finished-at="2016-12-28T17:09:18Z">
          <reporter-output>
          </reporter-output>
        </test-method> <!-- testDeleteStudent -->
        <test-method status="PASS" signature="springTestContextBeforeTestMethod(java.lang.reflect.Method)[pri:0, instance:hello.controller.TestStudentMapper@19ad2e3]" name="springTestContextBeforeTestMethod" is-config="true" duration-ms="3" started-at="2016-12-28T17:09:18Z" finished-at="2016-12-28T17:09:18Z">
          <params>
            <param index="0">
              <value>
                <![CDATA[public void hello.controller.TestStudentMapper.testStudentsList() throws java.lang.Exception]]>
              </value>
            </param>
          </params>
          <reporter-output>
          </reporter-output>
        </test-method> <!-- springTestContextBeforeTestMethod -->
        <test-method status="PASS" signature="springTestContextAfterTestMethod(java.lang.reflect.Method)[pri:0, instance:hello.controller.TestStudentMapper@19ad2e3]" name="springTestContextAfterTestMethod" is-config="true" duration-ms="0" started-at="2016-12-28T17:09:18Z" finished-at="2016-12-28T17:09:18Z">
          <params>
            <param index="0">
              <value>
                <![CDATA[public void hello.controller.TestStudentMapper.testDeleteStudent()]]>
              </value>
            </param>
          </params>
          <reporter-output>
          </reporter-output>
        </test-method> <!-- springTestContextAfterTestMethod -->
        <test-method status="PASS" signature="testStudentsList()[pri:0, instance:hello.controller.TestStudentMapper@19ad2e3]" name="testStudentsList" duration-ms="1" started-at="2016-12-28T17:09:18Z" finished-at="2016-12-28T17:09:18Z">
          <reporter-output>
          </reporter-output>
        </test-method> <!-- testStudentsList -->
        <test-method status="PASS" signature="springTestContextAfterTestMethod(java.lang.reflect.Method)[pri:0, instance:hello.controller.TestStudentMapper@19ad2e3]" name="springTestContextAfterTestMethod" is-config="true" duration-ms="0" started-at="2016-12-28T17:09:18Z" finished-at="2016-12-28T17:09:18Z">
          <params>
            <param index="0">
              <value>
                <![CDATA[public void hello.controller.TestStudentMapper.testStudentsList() throws java.lang.Exception]]>
              </value>
            </param>
          </params>
          <reporter-output>
          </reporter-output>
        </test-method> <!-- springTestContextAfterTestMethod -->
        <test-method status="PASS" signature="springTestContextAfterTestClass()[pri:0, instance:hello.controller.TestStudentMapper@19ad2e3]" name="springTestContextAfterTestClass" is-config="true" duration-ms="78" started-at="2016-12-28T17:09:18Z" finished-at="2016-12-28T17:09:18Z">
          <reporter-output>
          </reporter-output>
        </test-method> <!-- springTestContextAfterTestClass -->
      </class> <!-- hello.controller.TestStudentMapper -->
    </test> <!-- Surefire test -->
  </suite> <!-- Surefire suite -->
</testng-results>
